<?xml version="1.0" encoding="UTF-8"?>
<testsuite name="com.store.products1.domian.mapper.ProductsMapperTest" tests="1" skipped="0" failures="0" errors="0" timestamp="2021-01-08T00:16:46" hostname="Luiss-MacBook-Pro.local" time="0.0">
  <properties/>
  <testcase name="returnProductsList" classname="com.store.products1.domian.mapper.ProductsMapperTest" time="0.0"/>
  <system-out><![CDATA[]]></system-out>
  <system-err><![CDATA[]]></system-err>
</testsuite>
