<?xml version="1.0" encoding="UTF-8"?>
<testsuite name="com.store.products1.integrationTest.controllers.ProductsControllerIntegrationTest" tests="3" skipped="0" failures="0" errors="0" timestamp="2021-01-08T00:16:54" hostname="Luiss-MacBook-Pro.local" time="0.122">
  <properties/>
  <testcase name="returnFullListProduct" classname="com.store.products1.integrationTest.controllers.ProductsControllerIntegrationTest" time="0.105"/>
  <testcase name="returnListProductsWhenEndPointIsCalledAndFilterIsNotNumeric" classname="com.store.products1.integrationTest.controllers.ProductsControllerIntegrationTest" time="0.011"/>
  <testcase name="returnListProductsWhenEndPointIsCalledAndFilterIsNumeric" classname="com.store.products1.integrationTest.controllers.ProductsControllerIntegrationTest" time="0.005"/>
  <system-out><![CDATA[21:16:46.716 [Test worker] DEBUG org.springframework.test.annotation.ProfileValueUtils - Retrieved @ProfileValueSourceConfiguration [null] for test class [com.store.products1.integrationTest.controllers.ProductsControllerIntegrationTest]
21:16:46.716 [Test worker] DEBUG org.springframework.test.annotation.ProfileValueUtils - Retrieved ProfileValueSource type [class org.springframework.test.annotation.SystemProfileValueSource] for class [com.store.products1.integrationTest.controllers.ProductsControllerIntegrationTest]
21:16:46.716 [Test worker] DEBUG org.springframework.test.annotation.ProfileValueUtils - Retrieved @ProfileValueSourceConfiguration [null] for test class [com.store.products1.integrationTest.controllers.ProductsControllerIntegrationTest]
21:16:46.717 [Test worker] DEBUG org.springframework.test.annotation.ProfileValueUtils - Retrieved ProfileValueSource type [class org.springframework.test.annotation.SystemProfileValueSource] for class [com.store.products1.integrationTest.controllers.ProductsControllerIntegrationTest]
21:16:46.718 [Test worker] DEBUG org.springframework.test.context.support.AbstractDirtiesContextTestExecutionListener - Before test class: context [DefaultTestContext@785af9ee testClass = ProductsControllerIntegrationTest, testInstance = [null], testMethod = [null], testException = [null], mergedContextConfiguration = [WebMergedContextConfiguration@34d41d43 testClass = ProductsControllerIntegrationTest, locations = '{}', classes = '{class com.store.products1.Products1Application}', contextInitializerClasses = '[]', activeProfiles = '{integration}', propertySourceLocations = '{}', propertySourceProperties = '{org.springframework.boot.test.context.SpringBootTestContextBootstrapper=true, server.port=0}', contextCustomizers = set[org.springframework.boot.test.autoconfigure.properties.PropertyMappingContextCustomizer@4b3fa0b3, org.springframework.boot.test.autoconfigure.web.servlet.WebDriverContextCustomizerFactory$Customizer@421d482, [ImportsContextCustomizer@4041f8d0 key = [org.springframework.boot.test.autoconfigure.web.servlet.MockMvcAutoConfiguration, org.springframework.boot.test.autoconfigure.web.servlet.MockMvcWebClientAutoConfiguration, org.springframework.boot.test.autoconfigure.web.servlet.MockMvcWebDriverAutoConfiguration, org.springframework.boot.autoconfigure.security.servlet.SecurityAutoConfiguration, org.springframework.boot.autoconfigure.security.servlet.UserDetailsServiceAutoConfiguration, org.springframework.boot.test.autoconfigure.web.servlet.MockMvcSecurityConfiguration]], org.springframework.boot.test.context.filter.ExcludeFilterContextCustomizer@44c324ee, org.springframework.boot.test.json.DuplicateJsonObjectContextCustomizerFactory$DuplicateJsonObjectContextCustomizer@50ad65b1, org.springframework.boot.test.mock.mockito.MockitoContextCustomizer@0, org.springframework.boot.test.web.client.TestRestTemplateContextCustomizer@62344f9f], resourceBasePath = 'src/main/webapp', contextLoader = 'org.springframework.boot.test.context.SpringBootContextLoader', parent = [null]], attributes = map['org.springframework.test.context.web.ServletTestExecutionListener.activateListener' -> false]], class annotated with @DirtiesContext [false] with mode [null].
21:16:46.719 [Test worker] DEBUG org.springframework.test.annotation.ProfileValueUtils - Retrieved @ProfileValueSourceConfiguration [null] for test class [com.store.products1.integrationTest.controllers.ProductsControllerIntegrationTest]
21:16:46.719 [Test worker] DEBUG org.springframework.test.annotation.ProfileValueUtils - Retrieved ProfileValueSource type [class org.springframework.test.annotation.SystemProfileValueSource] for class [com.store.products1.integrationTest.controllers.ProductsControllerIntegrationTest]
21:16:46.722 [Test worker] DEBUG org.springframework.test.context.support.DependencyInjectionTestExecutionListener - Performing dependency injection for test context [[DefaultTestContext@785af9ee testClass = ProductsControllerIntegrationTest, testInstance = com.store.products1.integrationTest.controllers.ProductsControllerIntegrationTest@6eceb061, testMethod = [null], testException = [null], mergedContextConfiguration = [WebMergedContextConfiguration@34d41d43 testClass = ProductsControllerIntegrationTest, locations = '{}', classes = '{class com.store.products1.Products1Application}', contextInitializerClasses = '[]', activeProfiles = '{integration}', propertySourceLocations = '{}', propertySourceProperties = '{org.springframework.boot.test.context.SpringBootTestContextBootstrapper=true, server.port=0}', contextCustomizers = set[org.springframework.boot.test.autoconfigure.properties.PropertyMappingContextCustomizer@4b3fa0b3, org.springframework.boot.test.autoconfigure.web.servlet.WebDriverContextCustomizerFactory$Customizer@421d482, [ImportsContextCustomizer@4041f8d0 key = [org.springframework.boot.test.autoconfigure.web.servlet.MockMvcAutoConfiguration, org.springframework.boot.test.autoconfigure.web.servlet.MockMvcWebClientAutoConfiguration, org.springframework.boot.test.autoconfigure.web.servlet.MockMvcWebDriverAutoConfiguration, org.springframework.boot.autoconfigure.security.servlet.SecurityAutoConfiguration, org.springframework.boot.autoconfigure.security.servlet.UserDetailsServiceAutoConfiguration, org.springframework.boot.test.autoconfigure.web.servlet.MockMvcSecurityConfiguration]], org.springframework.boot.test.context.filter.ExcludeFilterContextCustomizer@44c324ee, org.springframework.boot.test.json.DuplicateJsonObjectContextCustomizerFactory$DuplicateJsonObjectContextCustomizer@50ad65b1, org.springframework.boot.test.mock.mockito.MockitoContextCustomizer@0, org.springframework.boot.test.web.client.TestRestTemplateContextCustomizer@62344f9f], resourceBasePath = 'src/main/webapp', contextLoader = 'org.springframework.boot.test.context.SpringBootContextLoader', parent = [null]], attributes = map['org.springframework.test.context.web.ServletTestExecutionListener.activateListener' -> false]]].
21:16:46.736 [Test worker] DEBUG org.springframework.test.context.support.TestPropertySourceUtils - Adding inlined properties to environment: {spring.jmx.enabled=false, org.springframework.boot.test.context.SpringBootTestContextBootstrapper=true, server.port=0}

  .   ____          _            __ _ _
 /\\ / ___'_ __ _ _(_)_ __  __ _ \ \ \ \
( ( )\___ | '_ | '_| | '_ \/ _` | \ \ \ \
 \\/  ___)| |_)| | | | | || (_| |  ) ) ) )
  '  |____| .__|_| |_|_| |_\__, | / / / /
 =========|_|==============|___/=/_/_/_/
 :: Spring Boot ::        (v2.2.4.RELEASE)

2021-01-07 21:16:51.920  INFO 69234 --- [    Test worker] .p.i.c.ProductsControllerIntegrationTest : Starting ProductsControllerIntegrationTest on Luiss-MacBook-Pro.local with PID 69234 (started by laluisguerra in /Users/laluisguerra/Documents/store-product-backend/products1)
2021-01-07 21:16:51.921  INFO 69234 --- [    Test worker] .p.i.c.ProductsControllerIntegrationTest : The following profiles are active: integration
2021-01-07 21:16:52.256  INFO 69234 --- [    Test worker] .s.d.r.c.RepositoryConfigurationDelegate : Bootstrapping Spring Data MongoDB repositories in DEFAULT mode.
2021-01-07 21:16:52.289  INFO 69234 --- [    Test worker] .s.d.r.c.RepositoryConfigurationDelegate : Finished Spring Data repository scanning in 29ms. Found 1 MongoDB repository interfaces.
2021-01-07 21:16:52.917  INFO 69234 --- [    Test worker] o.s.b.w.embedded.tomcat.TomcatWebServer  : Tomcat initialized with port(s): 0 (http)
2021-01-07 21:16:52.925  INFO 69234 --- [    Test worker] o.apache.catalina.core.StandardService   : Starting service [Tomcat]
2021-01-07 21:16:52.926  INFO 69234 --- [    Test worker] org.apache.catalina.core.StandardEngine  : Starting Servlet engine: [Apache Tomcat/9.0.35]
2021-01-07 21:16:52.992  INFO 69234 --- [    Test worker] o.a.c.c.C.[Tomcat].[localhost].[/]       : Initializing Spring embedded WebApplicationContext
2021-01-07 21:16:52.992  INFO 69234 --- [    Test worker] o.s.web.context.ContextLoader            : Root WebApplicationContext: initialization completed in 1061 ms
2021-01-07 21:16:53.422  INFO 69234 --- [    Test worker] org.mongodb.driver.cluster               : Cluster created with settings {hosts=[127.0.0.1:27017], srvHost=standalone.iqs3h.mongodb.net, mode=MULTIPLE, requiredClusterType=REPLICA_SET, serverSelectionTimeout='30000 ms', maxWaitQueueSize=500, requiredReplicaSetName='atlas-e8ylxu-shard-0'}
2021-01-07 21:16:53.511  INFO 69234 --- [s3h.mongodb.net] org.mongodb.driver.cluster               : Adding discovered server standalone-shard-00-02.iqs3h.mongodb.net:27017 to client view of cluster
2021-01-07 21:16:53.531  INFO 69234 --- [s3h.mongodb.net] org.mongodb.driver.cluster               : Adding discovered server standalone-shard-00-00.iqs3h.mongodb.net:27017 to client view of cluster
2021-01-07 21:16:53.531  WARN 69234 --- [    Test worker] o.s.d.m.c.m.BasicMongoPersistentProperty : Customizing field name for id property not allowed! Custom name will not be considered!
2021-01-07 21:16:53.532  INFO 69234 --- [s3h.mongodb.net] org.mongodb.driver.cluster               : Adding discovered server standalone-shard-00-01.iqs3h.mongodb.net:27017 to client view of cluster
2021-01-07 21:16:53.788  INFO 69234 --- [ngodb.net:27017] org.mongodb.driver.cluster               : Exception in monitor thread while connecting to server standalone-shard-00-02.iqs3h.mongodb.net:27017

com.mongodb.MongoSocketWriteException: Exception sending message
	at com.mongodb.internal.connection.InternalStreamConnection.translateWriteException(InternalStreamConnection.java:551) ~[mongodb-driver-core-3.11.2.jar:na]
	at com.mongodb.internal.connection.InternalStreamConnection.sendMessage(InternalStreamConnection.java:433) ~[mongodb-driver-core-3.11.2.jar:na]
	at com.mongodb.internal.connection.InternalStreamConnection.sendCommandMessage(InternalStreamConnection.java:273) ~[mongodb-driver-core-3.11.2.jar:na]
	at com.mongodb.internal.connection.InternalStreamConnection.sendAndReceive(InternalStreamConnection.java:257) ~[mongodb-driver-core-3.11.2.jar:na]
	at com.mongodb.internal.connection.CommandHelper.sendAndReceive(CommandHelper.java:83) ~[mongodb-driver-core-3.11.2.jar:na]
	at com.mongodb.internal.connection.CommandHelper.executeCommand(CommandHelper.java:33) ~[mongodb-driver-core-3.11.2.jar:na]
	at com.mongodb.internal.connection.InternalStreamConnectionInitializer.initializeConnectionDescription(InternalStreamConnectionInitializer.java:105) ~[mongodb-driver-core-3.11.2.jar:na]
	at com.mongodb.internal.connection.InternalStreamConnectionInitializer.initialize(InternalStreamConnectionInitializer.java:62) ~[mongodb-driver-core-3.11.2.jar:na]
	at com.mongodb.internal.connection.InternalStreamConnection.open(InternalStreamConnection.java:129) ~[mongodb-driver-core-3.11.2.jar:na]
	at com.mongodb.internal.connection.DefaultServerMonitor$ServerMonitorRunnable.run(DefaultServerMonitor.java:117) ~[mongodb-driver-core-3.11.2.jar:na]
	at java.base/java.lang.Thread.run(Thread.java:832) ~[na:na]
Caused by: javax.net.ssl.SSLHandshakeException: extension (5) should not be presented in certificate_request
	at java.base/sun.security.ssl.Alert.createSSLException(Alert.java:131) ~[na:na]
	at java.base/sun.security.ssl.Alert.createSSLException(Alert.java:117) ~[na:na]
	at java.base/sun.security.ssl.TransportContext.fatal(TransportContext.java:311) ~[na:na]
	at java.base/sun.security.ssl.TransportContext.fatal(TransportContext.java:267) ~[na:na]
	at java.base/sun.security.ssl.TransportContext.fatal(TransportContext.java:258) ~[na:na]
	at java.base/sun.security.ssl.SSLExtensions.<init>(SSLExtensions.java:90) ~[na:na]
	at java.base/sun.security.ssl.CertificateRequest$T13CertificateRequestMessage.<init>(CertificateRequest.java:819) ~[na:na]
	at java.base/sun.security.ssl.CertificateRequest$T13CertificateRequestConsumer.consume(CertificateRequest.java:923) ~[na:na]
	at java.base/sun.security.ssl.SSLHandshake.consume(SSLHandshake.java:396) ~[na:na]
	at java.base/sun.security.ssl.HandshakeContext.dispatch(HandshakeContext.java:444) ~[na:na]
	at java.base/sun.security.ssl.HandshakeContext.dispatch(HandshakeContext.java:422) ~[na:na]
	at java.base/sun.security.ssl.TransportContext.dispatch(TransportContext.java:181) ~[na:na]
	at java.base/sun.security.ssl.SSLTransport.decode(SSLTransport.java:167) ~[na:na]
	at java.base/sun.security.ssl.SSLSocketImpl.decode(SSLSocketImpl.java:1462) ~[na:na]
	at java.base/sun.security.ssl.SSLSocketImpl.readHandshakeRecord(SSLSocketImpl.java:1370) ~[na:na]
	at java.base/sun.security.ssl.SSLSocketImpl.startHandshake(SSLSocketImpl.java:437) ~[na:na]
	at java.base/sun.security.ssl.SSLSocketImpl.ensureNegotiated(SSLSocketImpl.java:878) ~[na:na]
	at java.base/sun.security.ssl.SSLSocketImpl$AppOutputStream.write(SSLSocketImpl.java:1240) ~[na:na]
	at com.mongodb.internal.connection.SocketStream.write(SocketStream.java:99) ~[mongodb-driver-core-3.11.2.jar:na]
	at com.mongodb.internal.connection.InternalStreamConnection.sendMessage(InternalStreamConnection.java:430) ~[mongodb-driver-core-3.11.2.jar:na]
	... 9 common frames omitted

2021-01-07 21:16:53.788  INFO 69234 --- [ngodb.net:27017] org.mongodb.driver.cluster               : Exception in monitor thread while connecting to server standalone-shard-00-00.iqs3h.mongodb.net:27017

com.mongodb.MongoSocketWriteException: Exception sending message
	at com.mongodb.internal.connection.InternalStreamConnection.translateWriteException(InternalStreamConnection.java:551) ~[mongodb-driver-core-3.11.2.jar:na]
	at com.mongodb.internal.connection.InternalStreamConnection.sendMessage(InternalStreamConnection.java:433) ~[mongodb-driver-core-3.11.2.jar:na]
	at com.mongodb.internal.connection.InternalStreamConnection.sendCommandMessage(InternalStreamConnection.java:273) ~[mongodb-driver-core-3.11.2.jar:na]
	at com.mongodb.internal.connection.InternalStreamConnection.sendAndReceive(InternalStreamConnection.java:257) ~[mongodb-driver-core-3.11.2.jar:na]
	at com.mongodb.internal.connection.CommandHelper.sendAndReceive(CommandHelper.java:83) ~[mongodb-driver-core-3.11.2.jar:na]
	at com.mongodb.internal.connection.CommandHelper.executeCommand(CommandHelper.java:33) ~[mongodb-driver-core-3.11.2.jar:na]
	at com.mongodb.internal.connection.InternalStreamConnectionInitializer.initializeConnectionDescription(InternalStreamConnectionInitializer.java:105) ~[mongodb-driver-core-3.11.2.jar:na]
	at com.mongodb.internal.connection.InternalStreamConnectionInitializer.initialize(InternalStreamConnectionInitializer.java:62) ~[mongodb-driver-core-3.11.2.jar:na]
	at com.mongodb.internal.connection.InternalStreamConnection.open(InternalStreamConnection.java:129) ~[mongodb-driver-core-3.11.2.jar:na]
	at com.mongodb.internal.connection.DefaultServerMonitor$ServerMonitorRunnable.run(DefaultServerMonitor.java:117) ~[mongodb-driver-core-3.11.2.jar:na]
	at java.base/java.lang.Thread.run(Thread.java:832) ~[na:na]
Caused by: javax.net.ssl.SSLHandshakeException: extension (5) should not be presented in certificate_request
	at java.base/sun.security.ssl.Alert.createSSLException(Alert.java:131) ~[na:na]
	at java.base/sun.security.ssl.Alert.createSSLException(Alert.java:117) ~[na:na]
	at java.base/sun.security.ssl.TransportContext.fatal(TransportContext.java:311) ~[na:na]
	at java.base/sun.security.ssl.TransportContext.fatal(TransportContext.java:267) ~[na:na]
	at java.base/sun.security.ssl.TransportContext.fatal(TransportContext.java:258) ~[na:na]
	at java.base/sun.security.ssl.SSLExtensions.<init>(SSLExtensions.java:90) ~[na:na]
	at java.base/sun.security.ssl.CertificateRequest$T13CertificateRequestMessage.<init>(CertificateRequest.java:819) ~[na:na]
	at java.base/sun.security.ssl.CertificateRequest$T13CertificateRequestConsumer.consume(CertificateRequest.java:923) ~[na:na]
	at java.base/sun.security.ssl.SSLHandshake.consume(SSLHandshake.java:396) ~[na:na]
	at java.base/sun.security.ssl.HandshakeContext.dispatch(HandshakeContext.java:444) ~[na:na]
	at java.base/sun.security.ssl.HandshakeContext.dispatch(HandshakeContext.java:422) ~[na:na]
	at java.base/sun.security.ssl.TransportContext.dispatch(TransportContext.java:181) ~[na:na]
	at java.base/sun.security.ssl.SSLTransport.decode(SSLTransport.java:167) ~[na:na]
	at java.base/sun.security.ssl.SSLSocketImpl.decode(SSLSocketImpl.java:1462) ~[na:na]
	at java.base/sun.security.ssl.SSLSocketImpl.readHandshakeRecord(SSLSocketImpl.java:1370) ~[na:na]
	at java.base/sun.security.ssl.SSLSocketImpl.startHandshake(SSLSocketImpl.java:437) ~[na:na]
	at java.base/sun.security.ssl.SSLSocketImpl.ensureNegotiated(SSLSocketImpl.java:878) ~[na:na]
	at java.base/sun.security.ssl.SSLSocketImpl$AppOutputStream.write(SSLSocketImpl.java:1240) ~[na:na]
	at com.mongodb.internal.connection.SocketStream.write(SocketStream.java:99) ~[mongodb-driver-core-3.11.2.jar:na]
	at com.mongodb.internal.connection.InternalStreamConnection.sendMessage(InternalStreamConnection.java:430) ~[mongodb-driver-core-3.11.2.jar:na]
	... 9 common frames omitted

2021-01-07 21:16:53.788  INFO 69234 --- [ngodb.net:27017] org.mongodb.driver.cluster               : Exception in monitor thread while connecting to server standalone-shard-00-01.iqs3h.mongodb.net:27017

com.mongodb.MongoSocketWriteException: Exception sending message
	at com.mongodb.internal.connection.InternalStreamConnection.translateWriteException(InternalStreamConnection.java:551) ~[mongodb-driver-core-3.11.2.jar:na]
	at com.mongodb.internal.connection.InternalStreamConnection.sendMessage(InternalStreamConnection.java:433) ~[mongodb-driver-core-3.11.2.jar:na]
	at com.mongodb.internal.connection.InternalStreamConnection.sendCommandMessage(InternalStreamConnection.java:273) ~[mongodb-driver-core-3.11.2.jar:na]
	at com.mongodb.internal.connection.InternalStreamConnection.sendAndReceive(InternalStreamConnection.java:257) ~[mongodb-driver-core-3.11.2.jar:na]
	at com.mongodb.internal.connection.CommandHelper.sendAndReceive(CommandHelper.java:83) ~[mongodb-driver-core-3.11.2.jar:na]
	at com.mongodb.internal.connection.CommandHelper.executeCommand(CommandHelper.java:33) ~[mongodb-driver-core-3.11.2.jar:na]
	at com.mongodb.internal.connection.InternalStreamConnectionInitializer.initializeConnectionDescription(InternalStreamConnectionInitializer.java:105) ~[mongodb-driver-core-3.11.2.jar:na]
	at com.mongodb.internal.connection.InternalStreamConnectionInitializer.initialize(InternalStreamConnectionInitializer.java:62) ~[mongodb-driver-core-3.11.2.jar:na]
	at com.mongodb.internal.connection.InternalStreamConnection.open(InternalStreamConnection.java:129) ~[mongodb-driver-core-3.11.2.jar:na]
	at com.mongodb.internal.connection.DefaultServerMonitor$ServerMonitorRunnable.run(DefaultServerMonitor.java:117) ~[mongodb-driver-core-3.11.2.jar:na]
	at java.base/java.lang.Thread.run(Thread.java:832) ~[na:na]
Caused by: javax.net.ssl.SSLHandshakeException: extension (5) should not be presented in certificate_request
	at java.base/sun.security.ssl.Alert.createSSLException(Alert.java:131) ~[na:na]
	at java.base/sun.security.ssl.Alert.createSSLException(Alert.java:117) ~[na:na]
	at java.base/sun.security.ssl.TransportContext.fatal(TransportContext.java:311) ~[na:na]
	at java.base/sun.security.ssl.TransportContext.fatal(TransportContext.java:267) ~[na:na]
	at java.base/sun.security.ssl.TransportContext.fatal(TransportContext.java:258) ~[na:na]
	at java.base/sun.security.ssl.SSLExtensions.<init>(SSLExtensions.java:90) ~[na:na]
	at java.base/sun.security.ssl.CertificateRequest$T13CertificateRequestMessage.<init>(CertificateRequest.java:819) ~[na:na]
	at java.base/sun.security.ssl.CertificateRequest$T13CertificateRequestConsumer.consume(CertificateRequest.java:923) ~[na:na]
	at java.base/sun.security.ssl.SSLHandshake.consume(SSLHandshake.java:396) ~[na:na]
	at java.base/sun.security.ssl.HandshakeContext.dispatch(HandshakeContext.java:444) ~[na:na]
	at java.base/sun.security.ssl.HandshakeContext.dispatch(HandshakeContext.java:422) ~[na:na]
	at java.base/sun.security.ssl.TransportContext.dispatch(TransportContext.java:181) ~[na:na]
	at java.base/sun.security.ssl.SSLTransport.decode(SSLTransport.java:167) ~[na:na]
	at java.base/sun.security.ssl.SSLSocketImpl.decode(SSLSocketImpl.java:1462) ~[na:na]
	at java.base/sun.security.ssl.SSLSocketImpl.readHandshakeRecord(SSLSocketImpl.java:1370) ~[na:na]
	at java.base/sun.security.ssl.SSLSocketImpl.startHandshake(SSLSocketImpl.java:437) ~[na:na]
	at java.base/sun.security.ssl.SSLSocketImpl.ensureNegotiated(SSLSocketImpl.java:878) ~[na:na]
	at java.base/sun.security.ssl.SSLSocketImpl$AppOutputStream.write(SSLSocketImpl.java:1240) ~[na:na]
	at com.mongodb.internal.connection.SocketStream.write(SocketStream.java:99) ~[mongodb-driver-core-3.11.2.jar:na]
	at com.mongodb.internal.connection.InternalStreamConnection.sendMessage(InternalStreamConnection.java:430) ~[mongodb-driver-core-3.11.2.jar:na]
	... 9 common frames omitted

2021-01-07 21:16:54.068  INFO 69234 --- [    Test worker] o.s.s.concurrent.ThreadPoolTaskExecutor  : Initializing ExecutorService 'applicationTaskExecutor'
2021-01-07 21:16:54.326  INFO 69234 --- [    Test worker] o.a.c.c.C.[Tomcat].[localhost].[/]       : Initializing Spring TestDispatcherServlet ''
2021-01-07 21:16:54.326  INFO 69234 --- [    Test worker] o.s.t.web.servlet.TestDispatcherServlet  : Initializing Servlet ''
2021-01-07 21:16:54.334  INFO 69234 --- [    Test worker] o.s.b.a.e.web.EndpointLinksResolver      : Exposing 2 endpoint(s) beneath base path '/actuator'
2021-01-07 21:16:54.359  INFO 69234 --- [    Test worker] o.s.t.web.servlet.TestDispatcherServlet  : Completed initialization in 32 ms
2021-01-07 21:16:54.407  INFO 69234 --- [    Test worker] o.s.b.w.embedded.tomcat.TomcatWebServer  : Tomcat started on port(s): 58970 (http) with context path ''
2021-01-07 21:16:54.409  INFO 69234 --- [    Test worker] .p.i.c.ProductsControllerIntegrationTest : Started ProductsControllerIntegrationTest in 7.671 seconds (JVM running for 8.763)
]]></system-out>
  <system-err><![CDATA[]]></system-err>
</testsuite>
