<?xml version="1.0" encoding="UTF-8"?>
<testsuite name="com.store.products1.domian.UseCaseProductsTest" tests="1" skipped="0" failures="0" errors="0" timestamp="2021-01-07T03:13:05" hostname="Luiss-MacBook-Pro.local" time="0.356">
  <properties/>
  <testcase name="returnFullListProductWhenCallProductMethodWithParameter" classname="com.store.products1.domian.UseCaseProductsTest" time="0.356"/>
  <system-out><![CDATA[]]></system-out>
  <system-err><![CDATA[]]></system-err>
</testsuite>
