<?xml version="1.0" encoding="UTF-8"?>
<testsuite name="com.store.products1.domian.UseCaseProductsTest" tests="5" skipped="0" failures="0" errors="0" timestamp="2021-01-08T00:16:46" hostname="Luiss-MacBook-Pro.local" time="0.075">
  <properties/>
  <testcase name="whenProductsMethodIsCalledAndFilterIsNotNumericAndPalindromeReturnOneProductWithDiscount" classname="com.store.products1.domian.UseCaseProductsTest" time="0.072"/>
  <testcase name="whenProductsMethodIsCalledAndFilterIsPalindromeAndNumericReturnOneProductWithDiscount" classname="com.store.products1.domian.UseCaseProductsTest" time="0.001"/>
  <testcase name="returnFullListProductWhenCallProductMethodWithParameter" classname="com.store.products1.domian.UseCaseProductsTest" time="0.001"/>
  <testcase name="whenProductsMethodIsCalledAndFilterIsNotNumericAndNotPalindromeReturnOneProductWithOutDiscount" classname="com.store.products1.domian.UseCaseProductsTest" time="0.001"/>
  <testcase name="whenProductsMethodIsCalledAndFilterIsNotPalindromeAndNumericReturnOneProductWithOutDiscount" classname="com.store.products1.domian.UseCaseProductsTest" time="0.0"/>
  <system-out><![CDATA[]]></system-out>
  <system-err><![CDATA[]]></system-err>
</testsuite>
