<?xml version="1.0" encoding="UTF-8"?>
<testsuite name="com.store.products1.domian.filters.FilterByProductsTest" tests="4" skipped="0" failures="0" errors="0" timestamp="2021-01-08T00:16:46" hostname="Luiss-MacBook-Pro.local" time="0.25">
  <properties/>
  <testcase name="filterByIdReturnOnlyOneResult" classname="com.store.products1.domian.filters.FilterByProductsTest" time="0.248"/>
  <testcase name="filterByEmptyWordReturnAnyResult" classname="com.store.products1.domian.filters.FilterByProductsTest" time="0.0"/>
  <testcase name="filterNullReturnAnyResult" classname="com.store.products1.domian.filters.FilterByProductsTest" time="0.0"/>
  <testcase name="filterByWordReturnListFiltered" classname="com.store.products1.domian.filters.FilterByProductsTest" time="0.0"/>
  <system-out><![CDATA[]]></system-out>
  <system-err><![CDATA[]]></system-err>
</testsuite>
