<?xml version="1.0" encoding="UTF-8"?>
<testsuite name="com.store.products1.controllers.ProductsControllerTest" tests="6" skipped="0" failures="0" errors="0" timestamp="2021-01-08T00:16:54" hostname="Luiss-MacBook-Pro.local" time="0.144">
  <properties/>
  <testcase name="returnListProductsWhenEndPointIsCalledAndFilterParamIsNumericAndIsPalindrome" classname="com.store.products1.controllers.ProductsControllerTest" time="0.053"/>
  <testcase name="returnListProductsWhenEndPointIsCalledAndFilterParamIsNotNumericAndIsNotPalindrome" classname="com.store.products1.controllers.ProductsControllerTest" time="0.02"/>
  <testcase name="returnListProductsWhenEndPointIsCalledAndFilterParamIsEmpty" classname="com.store.products1.controllers.ProductsControllerTest" time="0.019"/>
  <testcase name="returnListProductsWhenEndPointIsCalledAndFilterParamIsNumericAndIsNotPalindrome" classname="com.store.products1.controllers.ProductsControllerTest" time="0.023"/>
  <testcase name="returnListProductsWhenEndPointIsCalledAndFilterParamIsNull" classname="com.store.products1.controllers.ProductsControllerTest" time="0.014"/>
  <testcase name="returnListProductsWhenEndPointIsCalledAndFilterParamIsNotNumericAndIsPalindrome" classname="com.store.products1.controllers.ProductsControllerTest" time="0.015"/>
  <system-out><![CDATA[2021-01-07 21:16:54.616  INFO 69234 --- [    Test worker] o.s.mock.web.MockServletContext          : Initializing Spring TestDispatcherServlet ''
2021-01-07 21:16:54.617  INFO 69234 --- [    Test worker] o.s.t.web.servlet.TestDispatcherServlet  : Initializing Servlet ''
2021-01-07 21:16:54.617  INFO 69234 --- [    Test worker] o.s.t.web.servlet.TestDispatcherServlet  : Completed initialization in 0 ms

MockHttpServletRequest:
      HTTP Method = GET
      Request URI = /api/v1/private/store/products
       Parameters = {filter=[181]}
          Headers = [Content-Type:"application/json", Accept:"application/json"]
             Body = <no character encoding set>
    Session Attrs = {}

Handler:
             Type = com.store.products1.controllers.ProductsController
           Method = com.store.products1.controllers.ProductsController#products(String)

Async:
    Async started = false
     Async result = null

Resolved Exception:
             Type = null

ModelAndView:
        View name = null
             View = null
            Model = null

FlashMap:
       Attributes = null

MockHttpServletResponse:
           Status = 200
    Error message = null
          Headers = [Content-Type:"application/json"]
     Content type = application/json
             Body = [{"id":181,"brand":"ooy eqrceli","description":"rlÃ±lw brhrka","image":"www.lider.cl/catalogo/images/whiteLineIcon.svg","price":249362,"discount":true}]
    Forwarded URL = null
   Redirected URL = null
          Cookies = []
2021-01-07 21:16:54.641  INFO 69234 --- [    Test worker] o.s.mock.web.MockServletContext          : Initializing Spring TestDispatcherServlet ''
2021-01-07 21:16:54.641  INFO 69234 --- [    Test worker] o.s.t.web.servlet.TestDispatcherServlet  : Initializing Servlet ''
2021-01-07 21:16:54.641  INFO 69234 --- [    Test worker] o.s.t.web.servlet.TestDispatcherServlet  : Completed initialization in 0 ms

MockHttpServletRequest:
      HTTP Method = GET
      Request URI = /api/v1/private/store/products
       Parameters = {filter=[xyz]}
          Headers = [Content-Type:"application/json", Accept:"application/json"]
             Body = <no character encoding set>
    Session Attrs = {}

Handler:
             Type = com.store.products1.controllers.ProductsController
           Method = com.store.products1.controllers.ProductsController#products(String)

Async:
    Async started = false
     Async result = null

Resolved Exception:
             Type = null

ModelAndView:
        View name = null
             View = null
            Model = null

FlashMap:
       Attributes = null

MockHttpServletResponse:
           Status = 200
    Error message = null
          Headers = [Content-Type:"application/json"]
     Content type = application/json
             Body = [{"id":1,"brand":"ooy eqrceli","description":"rlÃ±lw brhrkaxyz","image":"www.lider.cl/catalogo/images/whiteLineIcon.svg","price":498724,"discount":false},{"id":2,"brand":"dsaasd","description":"zlrwax bÃ±yrhxyz","image":"www.lider.cl/catalogo/images/babyIcon.svg","price":130173,"discount":false},{"id":3,"brand":"weÃ±xoab","description":"hqhoy qacirkxyz","image":"www.lider.cl/catalogo/images/homeIcon.svg","price":171740,"discount":false},{"id":4,"brand":"sjlzxeo","description":"pnyn rlxbewnkxyz","image":"www.lider.cl/catalogo/images/computerIcon.svg","price":890348,"discount":false},{"id":5,"brand":"peuoooypt","description":"trcwl iagxxhxyz","image":"www.lider.cl/catalogo/images/whiteLineIcon.svg","price":814893,"discount":false}]
    Forwarded URL = null
   Redirected URL = null
          Cookies = []
2021-01-07 21:16:54.661  INFO 69234 --- [    Test worker] o.s.mock.web.MockServletContext          : Initializing Spring TestDispatcherServlet ''
2021-01-07 21:16:54.661  INFO 69234 --- [    Test worker] o.s.t.web.servlet.TestDispatcherServlet  : Initializing Servlet ''
2021-01-07 21:16:54.662  INFO 69234 --- [    Test worker] o.s.t.web.servlet.TestDispatcherServlet  : Completed initialization in 0 ms

MockHttpServletRequest:
      HTTP Method = GET
      Request URI = /api/v1/private/store/products
       Parameters = {filter=[]}
          Headers = [Content-Type:"application/json", Accept:"application/json"]
             Body = <no character encoding set>
    Session Attrs = {}

Handler:
             Type = com.store.products1.controllers.ProductsController
           Method = com.store.products1.controllers.ProductsController#products(String)

Async:
    Async started = false
     Async result = null

Resolved Exception:
             Type = null

ModelAndView:
        View name = null
             View = null
            Model = null

FlashMap:
       Attributes = null

MockHttpServletResponse:
           Status = 200
    Error message = null
          Headers = [Content-Type:"application/json"]
     Content type = application/json
             Body = [{"id":1,"brand":"ooy eqrceli","description":"rlÃ±lw brhrkaxyz","image":"www.lider.cl/catalogo/images/whiteLineIcon.svg","price":498724,"discount":false},{"id":2,"brand":"dsaasd","description":"zlrwax bÃ±yrhxyz","image":"www.lider.cl/catalogo/images/babyIcon.svg","price":130173,"discount":false},{"id":3,"brand":"weÃ±xoab","description":"hqhoy qacirkxyz","image":"www.lider.cl/catalogo/images/homeIcon.svg","price":171740,"discount":false},{"id":4,"brand":"sjlzxeo","description":"pnyn rlxbewnkxyz","image":"www.lider.cl/catalogo/images/computerIcon.svg","price":890348,"discount":false},{"id":5,"brand":"peuoooypt","description":"trcwl iagxxhxyz","image":"www.lider.cl/catalogo/images/whiteLineIcon.svg","price":814893,"discount":false}]
    Forwarded URL = null
   Redirected URL = null
          Cookies = []
2021-01-07 21:16:54.685  INFO 69234 --- [    Test worker] o.s.mock.web.MockServletContext          : Initializing Spring TestDispatcherServlet ''
2021-01-07 21:16:54.685  INFO 69234 --- [    Test worker] o.s.t.web.servlet.TestDispatcherServlet  : Initializing Servlet ''
2021-01-07 21:16:54.685  INFO 69234 --- [    Test worker] o.s.t.web.servlet.TestDispatcherServlet  : Completed initialization in 0 ms

MockHttpServletRequest:
      HTTP Method = GET
      Request URI = /api/v1/private/store/products
       Parameters = {filter=[123]}
          Headers = [Content-Type:"application/json", Accept:"application/json"]
             Body = <no character encoding set>
    Session Attrs = {}

Handler:
             Type = com.store.products1.controllers.ProductsController
           Method = com.store.products1.controllers.ProductsController#products(String)

Async:
    Async started = false
     Async result = null

Resolved Exception:
             Type = null

ModelAndView:
        View name = null
             View = null
            Model = null

FlashMap:
       Attributes = null

MockHttpServletResponse:
           Status = 200
    Error message = null
          Headers = [Content-Type:"application/json"]
     Content type = application/json
             Body = [{"id":123,"brand":"ooy eqrceli","description":"rlÃ±lw brhrkaxyz","image":"www.lider.cl/catalogo/images/whiteLineIcon.svg","price":498724,"discount":false}]
    Forwarded URL = null
   Redirected URL = null
          Cookies = []
2021-01-07 21:16:54.701  INFO 69234 --- [    Test worker] o.s.mock.web.MockServletContext          : Initializing Spring TestDispatcherServlet ''
2021-01-07 21:16:54.702  INFO 69234 --- [    Test worker] o.s.t.web.servlet.TestDispatcherServlet  : Initializing Servlet ''
2021-01-07 21:16:54.702  INFO 69234 --- [    Test worker] o.s.t.web.servlet.TestDispatcherServlet  : Completed initialization in 0 ms
2021-01-07 21:16:54.703  WARN 69234 --- [    Test worker] .w.s.m.s.DefaultHandlerExceptionResolver : Resolved [org.springframework.web.bind.MissingServletRequestParameterException: Required String parameter 'filter' is not present]

MockHttpServletRequest:
      HTTP Method = GET
      Request URI = /api/v1/private/store/products
       Parameters = {}
          Headers = [Content-Type:"application/json", Accept:"application/json"]
             Body = <no character encoding set>
    Session Attrs = {}

Handler:
             Type = com.store.products1.controllers.ProductsController
           Method = com.store.products1.controllers.ProductsController#products(String)

Async:
    Async started = false
     Async result = null

Resolved Exception:
             Type = org.springframework.web.bind.MissingServletRequestParameterException

ModelAndView:
        View name = null
             View = null
            Model = null

FlashMap:
       Attributes = null

MockHttpServletResponse:
           Status = 400
    Error message = Required String parameter 'filter' is not present
          Headers = []
     Content type = null
             Body = 
    Forwarded URL = null
   Redirected URL = null
          Cookies = []
2021-01-07 21:16:54.714  INFO 69234 --- [    Test worker] o.s.mock.web.MockServletContext          : Initializing Spring TestDispatcherServlet ''
2021-01-07 21:16:54.714  INFO 69234 --- [    Test worker] o.s.t.web.servlet.TestDispatcherServlet  : Initializing Servlet ''
2021-01-07 21:16:54.715  INFO 69234 --- [    Test worker] o.s.t.web.servlet.TestDispatcherServlet  : Completed initialization in 1 ms

MockHttpServletRequest:
      HTTP Method = GET
      Request URI = /api/v1/private/store/products
       Parameters = {filter=[aaa]}
          Headers = [Content-Type:"application/json", Accept:"application/json"]
             Body = <no character encoding set>
    Session Attrs = {}

Handler:
             Type = com.store.products1.controllers.ProductsController
           Method = com.store.products1.controllers.ProductsController#products(String)

Async:
    Async started = false
     Async result = null

Resolved Exception:
             Type = null

ModelAndView:
        View name = null
             View = null
            Model = null

FlashMap:
       Attributes = null

MockHttpServletResponse:
           Status = 200
    Error message = null
          Headers = [Content-Type:"application/json"]
     Content type = application/json
             Body = [{"id":1,"brand":"ooy eqrceliaaa","description":"rlÃ±lw brhrkaxyz","image":"www.lider.cl/catalogo/images/whiteLineIcon.svg","price":498724,"discount":true},{"id":2,"brand":"dsaasdaaa","description":"zlrwax bÃ±yrhxyz","image":"www.lider.cl/catalogo/images/babyIcon.svg","price":130173,"discount":true},{"id":3,"brand":"weÃ±xoabaaa","description":"hqhoy qacirkxyz","image":"www.lider.cl/catalogo/images/homeIcon.svg","price":171740,"discount":true},{"id":4,"brand":"sjlzxeoaaa","description":"pnyn rlxbewnkxyz","image":"www.lider.cl/catalogo/images/computerIcon.svg","price":890348,"discount":true},{"id":5,"brand":"peuoooyptaaa","description":"trcwl iagxxhxyz","image":"www.lider.cl/catalogo/images/whiteLineIcon.svg","price":814893,"discount":true}]
    Forwarded URL = null
   Redirected URL = null
          Cookies = []
]]></system-out>
  <system-err><![CDATA[]]></system-err>
</testsuite>
