<?xml version="1.0" encoding="UTF-8"?>
<testsuite name="com.store.products1.data.UseCaseProductsRepositoryImplTest" tests="2" skipped="0" failures="0" errors="0" timestamp="2021-01-08T00:16:54" hostname="Luiss-MacBook-Pro.local" time="0.043">
  <properties/>
  <testcase name="callFindAll" classname="com.store.products1.data.UseCaseProductsRepositoryImplTest" time="0.042"/>
  <testcase name="callFindAllAndReturnGlobalException" classname="com.store.products1.data.UseCaseProductsRepositoryImplTest" time="0.001"/>
  <system-out><![CDATA[]]></system-out>
  <system-err><![CDATA[]]></system-err>
</testsuite>
